<?xml version="1.0" encoding="UTF-8"?>
<beans xmlns="http://www.springframework.org/schema/beans"
	xmlns:xsi="http://www.w3.org/2001/XMLSchema-instance" 
	xmlns:p="http://www.springframework.org/schema/p" 
    xmlns:mongo="http://www.springframework.org/schema/data/mongo"
    xmlns:context="http://www.springframework.org/schema/context"
	xsi:schemaLocation="http://www.springframework.org/schema/beans 
	   		http://www.springframework.org/schema/beans/spring-beans-3.0.xsd
	   		http://www.springframework.org/schema/context
	   		http://www.springframework.org/schema/context/spring-context-3.0.xsd
   			http://www.springframework.org/schema/data/mongo
    		http://www.springframework.org/schema/data/mongo/spring-mongo-1.0.xsd">
	<!-- Activates various annotations to be detected in bean classes -->
	<context:annotation-config />
	
	
	<context:component-scan base-package="com.webgearz.tb.services" />
  	
  	<import resource="test-dao-context.xml"/>

</beans>