<?xml version="1.0" encoding="UTF-8"?>
<beans xmlns="http://www.springframework.org/schema/beans"
	xmlns:xsi="http://www.w3.org/2001/XMLSchema-instance" 
	xmlns:p="http://www.springframework.org/schema/p" 
    xmlns:mongo="http://www.springframework.org/schema/data/mongo"
    xmlns:context="http://www.springframework.org/schema/context"
	xsi:schemaLocation="http://www.springframework.org/schema/beans 
	   		http://www.springframework.org/schema/beans/spring-beans-3.0.xsd
	   		http://www.springframework.org/schema/context
	   		http://www.springframework.org/schema/context/spring-context-3.0.xsd
   			http://www.springframework.org/schema/data/mongo
    		http://www.springframework.org/schema/data/mongo/spring-mongo-1.1.xsd">
    	
    	<context:annotation-config />
    	<context:component-scan base-package="com.webgearz.tb.daos"/>
   
   	<!-- Define the MongoTemplate which handles connectivity with MongoDB -->
  <bean id="mongoTemplate" class="org.springframework.data.mongodb.core.MongoTemplate">
    <constructor-arg name="mongo" ref="mongo"/>
    <constructor-arg name="databaseName" value="test-db"/>
  </bean>
 
  <!-- Factory bean that creates the Mongo instance -->
  <bean id="mongo" class="org.springframework.data.mongodb.core.MongoFactoryBean">
    <property name="host" value="localhost"/>
  </bean>
 	 
   
  	<bean id="abstractMongoDao" class="com.webgearz.tb.daos.impl.AbstractMongoDao" abstract="true">
  		<property name="mongoTemplate" ref="mongoTemplate" />
  	</bean>
  	<bean id="sampleDao" class="com.webgearz.tb.daos.impl.SampleDaoImpl" parent="abstractMongoDao"></bean>
</beans>